  A05.cpp
C:\Users\fragr\source\repos\computer-graphics-assignments-2024\A05\A05\headers\tiny_gltf.h(3039,17): warning C4018: '>=': signed/unsigned mismatch
C:\Users\fragr\source\repos\computer-graphics-assignments-2024\A05\A05\headers\tiny_gltf.h(3134,17): warning C4018: '>=': signed/unsigned mismatch
C:\Users\fragr\source\repos\computer-graphics-assignments-2024\A05\A05\headers\tiny_gltf.h(5176,45): warning C4267: 'argument': conversion from 'size_t' to 'int', possible loss of data
C:\Users\fragr\source\repos\computer-graphics-assignments-2024\A05\A05\headers\tiny_gltf.h(5205,60): warning C4267: 'argument': conversion from 'size_t' to 'int', possible loss of data
C:\Users\fragr\source\repos\computer-graphics-assignments-2024\A05\A05\headers\tiny_gltf.h(5393,49): warning C4267: 'argument': conversion from 'size_t' to 'int', possible loss of data
C:\Users\fragr\source\repos\computer-graphics-assignments-2024\A05\A05\modules\Starter.hpp(348,31): warning C4099: 'VertexDescriptor': type name first seen using 'struct' now seen using 'class'
C:\Users\fragr\source\repos\computer-graphics-assignments-2024\A05\A05\modules\Starter.hpp(204,8): message : see declaration of 'VertexDescriptor'
C:\Users\fragr\source\repos\computer-graphics-assignments-2024\A05\A05\modules\Starter.hpp(350,22): warning C4099: 'Texture': type name first seen using 'struct' now seen using 'class'
C:\Users\fragr\source\repos\computer-graphics-assignments-2024\A05\A05\modules\Starter.hpp(249,8): message : see declaration of 'Texture'
C:\Users\fragr\source\repos\computer-graphics-assignments-2024\A05\A05\modules\Starter.hpp(351,23): warning C4099: 'Pipeline': type name first seen using 'struct' now seen using 'class'
C:\Users\fragr\source\repos\computer-graphics-assignments-2024\A05\A05\modules\Starter.hpp(291,8): message : see declaration of 'Pipeline'
C:\Users\fragr\source\repos\computer-graphics-assignments-2024\A05\A05\modules\Starter.hpp(352,34): warning C4099: 'DescriptorSetLayout': type name first seen using 'struct' now seen using 'class'
C:\Users\fragr\source\repos\computer-graphics-assignments-2024\A05\A05\modules\Starter.hpp(283,8): message : see declaration of 'DescriptorSetLayout'
C:\Users\fragr\source\repos\computer-graphics-assignments-2024\A05\A05\modules\Starter.hpp(353,28): warning C4099: 'DescriptorSet': type name first seen using 'struct' now seen using 'class'
C:\Users\fragr\source\repos\computer-graphics-assignments-2024\A05\A05\modules\Starter.hpp(329,8): message : see declaration of 'DescriptorSet'
C:\Users\fragr\source\repos\computer-graphics-assignments-2024\A05\A05\modules\Starter.hpp(1573,1): warning C4267: 'argument': conversion from 'size_t' to 'int', possible loss of data
C:\Users\fragr\source\repos\computer-graphics-assignments-2024\A05\A05\modules\Starter.hpp(1836,16): warning C4244: '=': conversion from 'double' to 'T', possible loss of data
          with
          [
              T=float
          ]
C:\Users\fragr\source\repos\computer-graphics-assignments-2024\A05\A05\modules\Starter.hpp(1837,16): warning C4244: '=': conversion from 'double' to 'T', possible loss of data
          with
          [
              T=float
          ]
C:\Users\fragr\source\repos\computer-graphics-assignments-2024\A05\A05\modules\Starter.hpp(2526,52): warning C4267: 'argument': conversion from 'size_t' to '_Ty', possible loss of data
          with
          [
              _Ty=unsigned int
          ]
C:\Users\fragr\source\repos\computer-graphics-assignments-2024\A05\A05\modules\Starter.hpp(2555,151): warning C4267: 'argument': conversion from 'size_t' to 'const unsigned long', possible loss of data
C:\Users\fragr\source\repos\computer-graphics-assignments-2024\A05\A05\modules\Starter.hpp(2567,74): warning C4267: 'argument': conversion from 'size_t' to 'int', possible loss of data
C:\Users\fragr\source\repos\computer-graphics-assignments-2024\A05\A05\modules\Starter.hpp(2609,31): warning C4267: '=': conversion from 'size_t' to 'int', possible loss of data
C:\Users\fragr\source\repos\computer-graphics-assignments-2024\A05\A05\modules\Starter.hpp(2623,33): warning C4267: '=': conversion from 'size_t' to 'int', possible loss of data
C:\Users\fragr\source\repos\computer-graphics-assignments-2024\A05\A05\modules\Starter.hpp(2637,31): warning C4267: '=': conversion from 'size_t' to 'int', possible loss of data
C:\Users\fragr\source\repos\computer-graphics-assignments-2024\A05\A05\modules\Starter.hpp(2651,29): warning C4267: '=': conversion from 'size_t' to 'int', possible loss of data
C:\Users\fragr\source\repos\computer-graphics-assignments-2024\A05\A05\modules\Starter.hpp(3126,48): warning C4267: '=': conversion from 'size_t' to 'uint32_t', possible loss of data
C:\Users\fragr\source\repos\computer-graphics-assignments-2024\A05\A05\modules\TextMaker.hpp(9,483): warning C4305: 'initializing': truncation from 'double' to 'const float'
C:\Users\fragr\source\repos\computer-graphics-assignments-2024\A05\A05\modules\TextMaker.hpp(104,21): warning C4267: '+=': conversion from 'size_t' to 'int', possible loss of data
C:\Users\fragr\source\repos\computer-graphics-assignments-2024\A05\A05\modules\TextMaker.hpp(113,1): warning C4305: 'initializing': truncation from 'double' to 'float'
C:\Users\fragr\source\repos\computer-graphics-assignments-2024\A05\A05\modules\TextMaker.hpp(114,1): warning C4305: 'initializing': truncation from 'double' to 'float'
C:\Users\fragr\source\repos\computer-graphics-assignments-2024\A05\A05\modules\TextMaker.hpp(115,1): warning C4305: 'initializing': truncation from 'double' to 'float'
C:\Users\fragr\source\repos\computer-graphics-assignments-2024\A05\A05\modules\TextMaker.hpp(116,1): warning C4305: 'initializing': truncation from 'double' to 'float'
C:\Users\fragr\source\repos\computer-graphics-assignments-2024\A05\A05\Mesh.hpp(97,13): warning C4244: 'initializing': conversion from 'double' to 'float', possible loss of data
C:\Users\fragr\source\repos\computer-graphics-assignments-2024\A05\A05\Mesh.hpp(115,39): warning C4267: 'initializing': conversion from 'size_t' to 'int', possible loss of data
C:\Users\fragr\source\repos\computer-graphics-assignments-2024\A05\A05\Mesh.hpp(116,40): warning C4267: 'initializing': conversion from 'size_t' to 'int', possible loss of data
C:\Users\fragr\source\repos\computer-graphics-assignments-2024\A05\A05\Mesh.hpp(162,13): warning C4244: 'initializing': conversion from 'double' to 'float', possible loss of data
C:\Users\fragr\source\repos\computer-graphics-assignments-2024\A05\A05\Mesh.hpp(174,39): warning C4267: 'initializing': conversion from 'size_t' to 'int', possible loss of data
C:\Users\fragr\source\repos\computer-graphics-assignments-2024\A05\A05\Mesh.hpp(212,14): warning C4244: 'initializing': conversion from 'double' to 'float', possible loss of data
C:\Users\fragr\source\repos\computer-graphics-assignments-2024\A05\A05\Mesh.hpp(214,14): warning C4244: 'initializing': conversion from 'double' to 'float', possible loss of data
C:\Users\fragr\source\repos\computer-graphics-assignments-2024\A05\A05\A05.cpp(465,1): warning C4305: '=': truncation from 'double' to 'float'
C:\Users\fragr\source\repos\computer-graphics-assignments-2024\A05\A05\A05.cpp(482,1): warning C4305: '=': truncation from 'double' to 'float'
C:\Users\fragr\source\repos\computer-graphics-assignments-2024\A05\A05\A05.cpp(491,1): warning C4305: '=': truncation from 'double' to 'float'
C:\Users\fragr\source\repos\computer-graphics-assignments-2024\A05\A05\A05.cpp(495,1): warning C4305: '=': truncation from 'double' to 'float'
C:\Users\fragr\source\repos\computer-graphics-assignments-2024\A05\A05\A05.cpp(496,1): warning C4305: '=': truncation from 'double' to 'float'
C:\Users\fragr\source\repos\computer-graphics-assignments-2024\A05\A05\A05.cpp(500,1): warning C4305: '=': truncation from 'double' to 'float'
C:\Users\fragr\source\repos\computer-graphics-assignments-2024\A05\A05\A05.cpp(501,1): warning C4305: '=': truncation from 'double' to 'float'
C:\Users\fragr\source\repos\computer-graphics-assignments-2024\A05\A05\A05.cpp(505,1): warning C4305: '=': truncation from 'double' to 'float'
C:\Users\fragr\source\repos\computer-graphics-assignments-2024\A05\A05\A05.cpp(506,1): warning C4305: '=': truncation from 'double' to 'float'
C:\Users\fragr\source\repos\computer-graphics-assignments-2024\A05\A05\A05.cpp(514,1): warning C4305: '=': truncation from 'double' to 'float'
C:\Users\fragr\source\repos\computer-graphics-assignments-2024\A05\A05\A05.cpp(515,1): warning C4305: '=': truncation from 'double' to 'float'
C:\Users\fragr\source\repos\computer-graphics-assignments-2024\A05\A05\A05.cpp(519,1): warning C4305: '=': truncation from 'double' to 'float'
C:\Users\fragr\source\repos\computer-graphics-assignments-2024\A05\A05\A05.cpp(520,1): warning C4305: '=': truncation from 'double' to 'float'
  A05.vcxproj -> C:\Users\fragr\source\repos\computer-graphics-assignments-2024\A05\x64\Debug\A05.exe
