  A09.cpp
C:\Users\fragr\source\repos\computer-graphics-assignments-2024\A09\A09\headers\tiny_gltf.h(3039,17): warning C4018: '>=': signed/unsigned mismatch
  (compiling source file 'A09.cpp')
  
C:\Users\fragr\source\repos\computer-graphics-assignments-2024\A09\A09\headers\tiny_gltf.h(3134,17): warning C4018: '>=': signed/unsigned mismatch
  (compiling source file 'A09.cpp')
  
C:\Users\fragr\source\repos\computer-graphics-assignments-2024\A09\A09\headers\tiny_gltf.h(5176,44): warning C4267: 'argument': conversion from 'size_t' to 'int', possible loss of data
  (compiling source file 'A09.cpp')
  
C:\Users\fragr\source\repos\computer-graphics-assignments-2024\A09\A09\headers\tiny_gltf.h(5205,59): warning C4267: 'argument': conversion from 'size_t' to 'int', possible loss of data
  (compiling source file 'A09.cpp')
  
C:\Users\fragr\source\repos\computer-graphics-assignments-2024\A09\A09\headers\tiny_gltf.h(5393,48): warning C4267: 'argument': conversion from 'size_t' to 'int', possible loss of data
  (compiling source file 'A09.cpp')
  
C:\Users\fragr\source\repos\computer-graphics-assignments-2024\A09\A09\modules\Starter.hpp(348,15): warning C4099: 'VertexDescriptor': type name first seen using 'struct' now seen using 'class'
  (compiling source file 'A09.cpp')
      C:\Users\fragr\source\repos\computer-graphics-assignments-2024\A09\A09\modules\Starter.hpp(204,8):
      see declaration of 'VertexDescriptor'
  
C:\Users\fragr\source\repos\computer-graphics-assignments-2024\A09\A09\modules\Starter.hpp(350,15): warning C4099: 'Texture': type name first seen using 'struct' now seen using 'class'
  (compiling source file 'A09.cpp')
      C:\Users\fragr\source\repos\computer-graphics-assignments-2024\A09\A09\modules\Starter.hpp(249,8):
      see declaration of 'Texture'
  
C:\Users\fragr\source\repos\computer-graphics-assignments-2024\A09\A09\modules\Starter.hpp(351,15): warning C4099: 'Pipeline': type name first seen using 'struct' now seen using 'class'
  (compiling source file 'A09.cpp')
      C:\Users\fragr\source\repos\computer-graphics-assignments-2024\A09\A09\modules\Starter.hpp(291,8):
      see declaration of 'Pipeline'
  
C:\Users\fragr\source\repos\computer-graphics-assignments-2024\A09\A09\modules\Starter.hpp(352,15): warning C4099: 'DescriptorSetLayout': type name first seen using 'struct' now seen using 'class'
  (compiling source file 'A09.cpp')
      C:\Users\fragr\source\repos\computer-graphics-assignments-2024\A09\A09\modules\Starter.hpp(283,8):
      see declaration of 'DescriptorSetLayout'
  
C:\Users\fragr\source\repos\computer-graphics-assignments-2024\A09\A09\modules\Starter.hpp(353,15): warning C4099: 'DescriptorSet': type name first seen using 'struct' now seen using 'class'
  (compiling source file 'A09.cpp')
      C:\Users\fragr\source\repos\computer-graphics-assignments-2024\A09\A09\modules\Starter.hpp(329,8):
      see declaration of 'DescriptorSet'
  
C:\Users\fragr\source\repos\computer-graphics-assignments-2024\A09\A09\modules\Starter.hpp(1573,45): warning C4267: 'argument': conversion from 'size_t' to 'int', possible loss of data
  (compiling source file 'A09.cpp')
  
C:\Users\fragr\source\repos\computer-graphics-assignments-2024\A09\A09\modules\Starter.hpp(1836,16): warning C4244: '=': conversion from 'double' to 'T', possible loss of data
C:\Users\fragr\source\repos\computer-graphics-assignments-2024\A09\A09\modules\Starter.hpp(1836,16): warning C4244:         with
C:\Users\fragr\source\repos\computer-graphics-assignments-2024\A09\A09\modules\Starter.hpp(1836,16): warning C4244:         [
C:\Users\fragr\source\repos\computer-graphics-assignments-2024\A09\A09\modules\Starter.hpp(1836,16): warning C4244:             T=float
C:\Users\fragr\source\repos\computer-graphics-assignments-2024\A09\A09\modules\Starter.hpp(1836,16): warning C4244:         ]
  (compiling source file 'A09.cpp')
  
C:\Users\fragr\source\repos\computer-graphics-assignments-2024\A09\A09\modules\Starter.hpp(1837,16): warning C4244: '=': conversion from 'double' to 'T', possible loss of data
C:\Users\fragr\source\repos\computer-graphics-assignments-2024\A09\A09\modules\Starter.hpp(1837,16): warning C4244:         with
C:\Users\fragr\source\repos\computer-graphics-assignments-2024\A09\A09\modules\Starter.hpp(1837,16): warning C4244:         [
C:\Users\fragr\source\repos\computer-graphics-assignments-2024\A09\A09\modules\Starter.hpp(1837,16): warning C4244:             T=float
C:\Users\fragr\source\repos\computer-graphics-assignments-2024\A09\A09\modules\Starter.hpp(1837,16): warning C4244:         ]
  (compiling source file 'A09.cpp')
  
C:\Users\fragr\source\repos\computer-graphics-assignments-2024\A09\A09\modules\Starter.hpp(2526,50): warning C4267: 'argument': conversion from 'size_t' to '_Ty', possible loss of data
C:\Users\fragr\source\repos\computer-graphics-assignments-2024\A09\A09\modules\Starter.hpp(2526,50): warning C4267:         with
C:\Users\fragr\source\repos\computer-graphics-assignments-2024\A09\A09\modules\Starter.hpp(2526,50): warning C4267:         [
C:\Users\fragr\source\repos\computer-graphics-assignments-2024\A09\A09\modules\Starter.hpp(2526,50): warning C4267:             _Ty=unsigned int
C:\Users\fragr\source\repos\computer-graphics-assignments-2024\A09\A09\modules\Starter.hpp(2526,50): warning C4267:         ]
  (compiling source file 'A09.cpp')
  
C:\Users\fragr\source\repos\computer-graphics-assignments-2024\A09\A09\modules\Starter.hpp(2555,135): warning C4267: 'argument': conversion from 'size_t' to 'const unsigned long', possible loss of data
  (compiling source file 'A09.cpp')
  
C:\Users\fragr\source\repos\computer-graphics-assignments-2024\A09\A09\modules\Starter.hpp(2555,97): warning C4267: 'argument': conversion from 'size_t' to 'const unsigned long', possible loss of data
  (compiling source file 'A09.cpp')
  
C:\Users\fragr\source\repos\computer-graphics-assignments-2024\A09\A09\modules\Starter.hpp(2555,76): warning C4267: 'argument': conversion from 'size_t' to 'const unsigned long', possible loss of data
  (compiling source file 'A09.cpp')
  
C:\Users\fragr\source\repos\computer-graphics-assignments-2024\A09\A09\modules\Starter.hpp(2567,71): warning C4267: 'argument': conversion from 'size_t' to 'int', possible loss of data
  (compiling source file 'A09.cpp')
  
C:\Users\fragr\source\repos\computer-graphics-assignments-2024\A09\A09\modules\Starter.hpp(2609,25): warning C4267: '=': conversion from 'size_t' to 'int', possible loss of data
  (compiling source file 'A09.cpp')
  
C:\Users\fragr\source\repos\computer-graphics-assignments-2024\A09\A09\modules\Starter.hpp(2623,27): warning C4267: '=': conversion from 'size_t' to 'int', possible loss of data
  (compiling source file 'A09.cpp')
  
C:\Users\fragr\source\repos\computer-graphics-assignments-2024\A09\A09\modules\Starter.hpp(2637,25): warning C4267: '=': conversion from 'size_t' to 'int', possible loss of data
  (compiling source file 'A09.cpp')
  
C:\Users\fragr\source\repos\computer-graphics-assignments-2024\A09\A09\modules\Starter.hpp(2651,23): warning C4267: '=': conversion from 'size_t' to 'int', possible loss of data
  (compiling source file 'A09.cpp')
  
C:\Users\fragr\source\repos\computer-graphics-assignments-2024\A09\A09\modules\Starter.hpp(3126,46): warning C4267: '=': conversion from 'size_t' to 'uint32_t', possible loss of data
  (compiling source file 'A09.cpp')
  
C:\Users\fragr\source\repos\computer-graphics-assignments-2024\A09\A09\modules\TextMaker.hpp(9,109): warning C4305: 'initializing': truncation from 'double' to 'const float'
  (compiling source file 'A09.cpp')
  
C:\Users\fragr\source\repos\computer-graphics-assignments-2024\A09\A09\modules\TextMaker.hpp(9,115): warning C4305: 'initializing': truncation from 'double' to 'const float'
  (compiling source file 'A09.cpp')
  
C:\Users\fragr\source\repos\computer-graphics-assignments-2024\A09\A09\modules\TextMaker.hpp(9,130): warning C4305: 'initializing': truncation from 'double' to 'const float'
  (compiling source file 'A09.cpp')
  
C:\Users\fragr\source\repos\computer-graphics-assignments-2024\A09\A09\modules\TextMaker.hpp(9,136): warning C4305: 'initializing': truncation from 'double' to 'const float'
  (compiling source file 'A09.cpp')
  
C:\Users\fragr\source\repos\computer-graphics-assignments-2024\A09\A09\modules\TextMaker.hpp(104,21): warning C4267: '+=': conversion from 'size_t' to 'int', possible loss of data
  (compiling source file 'A09.cpp')
  
C:\Users\fragr\source\repos\computer-graphics-assignments-2024\A09\A09\modules\TextMaker.hpp(113,16): warning C4305: 'initializing': truncation from 'double' to 'float'
  (compiling source file 'A09.cpp')
  
C:\Users\fragr\source\repos\computer-graphics-assignments-2024\A09\A09\modules\TextMaker.hpp(114,16): warning C4305: 'initializing': truncation from 'double' to 'float'
  (compiling source file 'A09.cpp')
  
C:\Users\fragr\source\repos\computer-graphics-assignments-2024\A09\A09\modules\TextMaker.hpp(115,16): warning C4305: 'initializing': truncation from 'double' to 'float'
  (compiling source file 'A09.cpp')
  
C:\Users\fragr\source\repos\computer-graphics-assignments-2024\A09\A09\modules\TextMaker.hpp(116,16): warning C4305: 'initializing': truncation from 'double' to 'float'
  (compiling source file 'A09.cpp')
  
C:\Users\fragr\source\repos\computer-graphics-assignments-2024\A09\A09\Mesh.hpp(139,21): warning C4244: 'initializing': conversion from 'double' to 'float', possible loss of data
  (compiling source file 'A09.cpp')
  
C:\Users\fragr\source\repos\computer-graphics-assignments-2024\A09\A09\Mesh.hpp(220,13): warning C4244: 'initializing': conversion from 'double' to 'float', possible loss of data
  (compiling source file 'A09.cpp')
  
C:\Users\fragr\source\repos\computer-graphics-assignments-2024\A09\A09\Mesh.hpp(288,14): warning C4244: 'initializing': conversion from 'double' to 'float', possible loss of data
  (compiling source file 'A09.cpp')
  
C:\Users\fragr\source\repos\computer-graphics-assignments-2024\A09\A09\Mesh.hpp(290,14): warning C4244: 'initializing': conversion from 'double' to 'float', possible loss of data
  (compiling source file 'A09.cpp')
  
C:\Users\fragr\source\repos\computer-graphics-assignments-2024\A09\A09\A09.cpp(255,45): warning C4244: '=': conversion from 'double' to 'T', possible loss of data
C:\Users\fragr\source\repos\computer-graphics-assignments-2024\A09\A09\A09.cpp(255,45): warning C4244:         with
C:\Users\fragr\source\repos\computer-graphics-assignments-2024\A09\A09\A09.cpp(255,45): warning C4244:         [
C:\Users\fragr\source\repos\computer-graphics-assignments-2024\A09\A09\A09.cpp(255,45): warning C4244:             T=float
C:\Users\fragr\source\repos\computer-graphics-assignments-2024\A09\A09\A09.cpp(255,45): warning C4244:         ]
C:\Users\fragr\source\repos\computer-graphics-assignments-2024\A09\A09\A09.cpp(265,45): warning C4244: '=': conversion from 'double' to 'T', possible loss of data
C:\Users\fragr\source\repos\computer-graphics-assignments-2024\A09\A09\A09.cpp(265,45): warning C4244:         with
C:\Users\fragr\source\repos\computer-graphics-assignments-2024\A09\A09\A09.cpp(265,45): warning C4244:         [
C:\Users\fragr\source\repos\computer-graphics-assignments-2024\A09\A09\A09.cpp(265,45): warning C4244:             T=float
C:\Users\fragr\source\repos\computer-graphics-assignments-2024\A09\A09\A09.cpp(265,45): warning C4244:         ]
C:\Users\fragr\source\repos\computer-graphics-assignments-2024\A09\A09\A09.cpp(570,16): warning C4305: '=': truncation from 'double' to 'float'
C:\Users\fragr\source\repos\computer-graphics-assignments-2024\A09\A09\A09.cpp(591,16): warning C4305: '=': truncation from 'double' to 'float'
C:\Users\fragr\source\repos\computer-graphics-assignments-2024\A09\A09\A09.cpp(600,16): warning C4305: '=': truncation from 'double' to 'float'
C:\Users\fragr\source\repos\computer-graphics-assignments-2024\A09\A09\A09.cpp(604,16): warning C4305: '=': truncation from 'double' to 'float'
C:\Users\fragr\source\repos\computer-graphics-assignments-2024\A09\A09\A09.cpp(605,16): warning C4305: '=': truncation from 'double' to 'float'
C:\Users\fragr\source\repos\computer-graphics-assignments-2024\A09\A09\A09.cpp(609,16): warning C4305: '=': truncation from 'double' to 'float'
C:\Users\fragr\source\repos\computer-graphics-assignments-2024\A09\A09\A09.cpp(610,16): warning C4305: '=': truncation from 'double' to 'float'
C:\Users\fragr\source\repos\computer-graphics-assignments-2024\A09\A09\A09.cpp(618,16): warning C4305: '=': truncation from 'double' to 'float'
C:\Users\fragr\source\repos\computer-graphics-assignments-2024\A09\A09\A09.cpp(626,16): warning C4305: '=': truncation from 'double' to 'float'
C:\Users\fragr\source\repos\computer-graphics-assignments-2024\A09\A09\A09.cpp(627,16): warning C4305: '=': truncation from 'double' to 'float'
C:\Users\fragr\source\repos\computer-graphics-assignments-2024\A09\A09\A09.cpp(634,16): warning C4305: '=': truncation from 'double' to 'float'
C:\Users\fragr\source\repos\computer-graphics-assignments-2024\A09\A09\A09.cpp(635,16): warning C4305: '=': truncation from 'double' to 'float'
C:\Users\fragr\source\repos\computer-graphics-assignments-2024\A09\A09\A09.cpp(643,16): warning C4305: '=': truncation from 'double' to 'float'
C:\Users\fragr\source\repos\computer-graphics-assignments-2024\A09\A09\A09.cpp(644,16): warning C4305: '=': truncation from 'double' to 'float'
C:\Users\fragr\source\repos\computer-graphics-assignments-2024\A09\A09\A09.cpp(648,16): warning C4305: '=': truncation from 'double' to 'float'
C:\Users\fragr\source\repos\computer-graphics-assignments-2024\A09\A09\A09.cpp(649,16): warning C4305: '=': truncation from 'double' to 'float'
LINK : warning LNK4098: defaultlib 'MSVCRT' conflicts with use of other libs; use /NODEFAULTLIB:library
  A09.vcxproj -> C:\Users\fragr\source\repos\computer-graphics-assignments-2024\A09\x64\Debug\A09.exe
