  A07.cpp
C:\Users\fragr\source\repos\computer-graphics-assignments-2024\A07\A07\headers\tiny_gltf.h(3039,17): warning C4018: '>=': signed/unsigned mismatch
C:\Users\fragr\source\repos\computer-graphics-assignments-2024\A07\A07\headers\tiny_gltf.h(3134,17): warning C4018: '>=': signed/unsigned mismatch
C:\Users\fragr\source\repos\computer-graphics-assignments-2024\A07\A07\headers\tiny_gltf.h(5176,45): warning C4267: 'argument': conversion from 'size_t' to 'int', possible loss of data
C:\Users\fragr\source\repos\computer-graphics-assignments-2024\A07\A07\headers\tiny_gltf.h(5205,60): warning C4267: 'argument': conversion from 'size_t' to 'int', possible loss of data
C:\Users\fragr\source\repos\computer-graphics-assignments-2024\A07\A07\headers\tiny_gltf.h(5393,49): warning C4267: 'argument': conversion from 'size_t' to 'int', possible loss of data
C:\Users\fragr\source\repos\computer-graphics-assignments-2024\A07\A07\modules\Starter.hpp(342,31): warning C4099: 'VertexDescriptor': type name first seen using 'struct' now seen using 'class'
C:\Users\fragr\source\repos\computer-graphics-assignments-2024\A07\A07\modules\Starter.hpp(204,8): message : see declaration of 'VertexDescriptor'
C:\Users\fragr\source\repos\computer-graphics-assignments-2024\A07\A07\modules\Starter.hpp(344,22): warning C4099: 'Texture': type name first seen using 'struct' now seen using 'class'
C:\Users\fragr\source\repos\computer-graphics-assignments-2024\A07\A07\modules\Starter.hpp(250,8): message : see declaration of 'Texture'
C:\Users\fragr\source\repos\computer-graphics-assignments-2024\A07\A07\modules\Starter.hpp(345,23): warning C4099: 'Pipeline': type name first seen using 'struct' now seen using 'class'
C:\Users\fragr\source\repos\computer-graphics-assignments-2024\A07\A07\modules\Starter.hpp(294,8): message : see declaration of 'Pipeline'
C:\Users\fragr\source\repos\computer-graphics-assignments-2024\A07\A07\modules\Starter.hpp(346,34): warning C4099: 'DescriptorSetLayout': type name first seen using 'struct' now seen using 'class'
C:\Users\fragr\source\repos\computer-graphics-assignments-2024\A07\A07\modules\Starter.hpp(285,8): message : see declaration of 'DescriptorSetLayout'
C:\Users\fragr\source\repos\computer-graphics-assignments-2024\A07\A07\modules\Starter.hpp(347,28): warning C4099: 'DescriptorSet': type name first seen using 'struct' now seen using 'class'
C:\Users\fragr\source\repos\computer-graphics-assignments-2024\A07\A07\modules\Starter.hpp(323,8): message : see declaration of 'DescriptorSet'
C:\Users\fragr\source\repos\computer-graphics-assignments-2024\A07\A07\modules\Starter.hpp(1567,1): warning C4267: 'argument': conversion from 'size_t' to 'int', possible loss of data
C:\Users\fragr\source\repos\computer-graphics-assignments-2024\A07\A07\modules\Starter.hpp(1830,16): warning C4244: '=': conversion from 'double' to 'T', possible loss of data
          with
          [
              T=float
          ]
C:\Users\fragr\source\repos\computer-graphics-assignments-2024\A07\A07\modules\Starter.hpp(1831,16): warning C4244: '=': conversion from 'double' to 'T', possible loss of data
          with
          [
              T=float
          ]
C:\Users\fragr\source\repos\computer-graphics-assignments-2024\A07\A07\modules\Starter.hpp(2520,52): warning C4267: 'argument': conversion from 'size_t' to '_Ty', possible loss of data
          with
          [
              _Ty=unsigned int
          ]
C:\Users\fragr\source\repos\computer-graphics-assignments-2024\A07\A07\modules\Starter.hpp(2549,151): warning C4267: 'argument': conversion from 'size_t' to 'const unsigned long', possible loss of data
C:\Users\fragr\source\repos\computer-graphics-assignments-2024\A07\A07\modules\Starter.hpp(2561,74): warning C4267: 'argument': conversion from 'size_t' to 'int', possible loss of data
C:\Users\fragr\source\repos\computer-graphics-assignments-2024\A07\A07\modules\Starter.hpp(2603,31): warning C4267: '=': conversion from 'size_t' to 'int', possible loss of data
C:\Users\fragr\source\repos\computer-graphics-assignments-2024\A07\A07\modules\Starter.hpp(2617,33): warning C4267: '=': conversion from 'size_t' to 'int', possible loss of data
C:\Users\fragr\source\repos\computer-graphics-assignments-2024\A07\A07\modules\Starter.hpp(2631,31): warning C4267: '=': conversion from 'size_t' to 'int', possible loss of data
C:\Users\fragr\source\repos\computer-graphics-assignments-2024\A07\A07\modules\Starter.hpp(2645,29): warning C4267: '=': conversion from 'size_t' to 'int', possible loss of data
C:\Users\fragr\source\repos\computer-graphics-assignments-2024\A07\A07\modules\Starter.hpp(2760,36): warning C4244: 'argument': conversion from '_Ty' to 'T', possible loss of data
          with
          [
              _Ty=double
          ]
          and
          [
              T=float
          ]
C:\Users\fragr\source\repos\computer-graphics-assignments-2024\A07\A07\modules\Starter.hpp(2759,36): warning C4244: 'argument': conversion from '_Ty' to 'T', possible loss of data
          with
          [
              _Ty=double
          ]
          and
          [
              T=float
          ]
C:\Users\fragr\source\repos\computer-graphics-assignments-2024\A07\A07\modules\Starter.hpp(2758,36): warning C4244: 'argument': conversion from '_Ty' to 'T', possible loss of data
          with
          [
              _Ty=double
          ]
          and
          [
              T=float
          ]
C:\Users\fragr\source\repos\computer-graphics-assignments-2024\A07\A07\modules\Starter.hpp(2757,45): warning C4244: 'argument': conversion from '_Ty' to 'T', possible loss of data
          with
          [
              _Ty=double
          ]
          and
          [
              T=float
          ]
C:\Users\fragr\source\repos\computer-graphics-assignments-2024\A07\A07\modules\Starter.hpp(3162,48): warning C4267: '=': conversion from 'size_t' to 'uint32_t', possible loss of data
C:\Users\fragr\source\repos\computer-graphics-assignments-2024\A07\A07\modules\Starter.hpp(3285,33): warning C4267: 'initializing': conversion from 'size_t' to 'int', possible loss of data
C:\Users\fragr\source\repos\computer-graphics-assignments-2024\A07\A07\modules\TextMaker.hpp(9,483): warning C4305: 'initializing': truncation from 'double' to 'const float'
C:\Users\fragr\source\repos\computer-graphics-assignments-2024\A07\A07\modules\TextMaker.hpp(104,21): warning C4267: '+=': conversion from 'size_t' to 'int', possible loss of data
C:\Users\fragr\source\repos\computer-graphics-assignments-2024\A07\A07\modules\TextMaker.hpp(113,1): warning C4305: 'initializing': truncation from 'double' to 'float'
C:\Users\fragr\source\repos\computer-graphics-assignments-2024\A07\A07\modules\TextMaker.hpp(114,1): warning C4305: 'initializing': truncation from 'double' to 'float'
C:\Users\fragr\source\repos\computer-graphics-assignments-2024\A07\A07\modules\TextMaker.hpp(115,1): warning C4305: 'initializing': truncation from 'double' to 'float'
C:\Users\fragr\source\repos\computer-graphics-assignments-2024\A07\A07\modules\TextMaker.hpp(116,1): warning C4305: 'initializing': truncation from 'double' to 'float'
C:\Users\fragr\source\repos\computer-graphics-assignments-2024\A07\A07\modules\Scene.hpp(53,1): warning C4267: '=': conversion from 'size_t' to 'int', possible loss of data
C:\Users\fragr\source\repos\computer-graphics-assignments-2024\A07\A07\modules\Scene.hpp(67,1): warning C4267: '=': conversion from 'size_t' to 'int', possible loss of data
C:\Users\fragr\source\repos\computer-graphics-assignments-2024\A07\A07\modules\Scene.hpp(80,1): warning C4267: '=': conversion from 'size_t' to 'int', possible loss of data
C:\Users\fragr\source\repos\computer-graphics-assignments-2024\A07\A07\A07.cpp(379,1): warning C4305: '=': truncation from 'double' to 'float'
C:\Users\fragr\source\repos\computer-graphics-assignments-2024\A07\A07\A07.cpp(380,1): warning C4305: '=': truncation from 'double' to 'float'
C:\Users\fragr\source\repos\computer-graphics-assignments-2024\A07\A07\A07.cpp(385,1): warning C4305: '=': truncation from 'double' to 'float'
C:\Users\fragr\source\repos\computer-graphics-assignments-2024\A07\A07\A07.cpp(386,1): warning C4305: '=': truncation from 'double' to 'float'
C:\Users\fragr\source\repos\computer-graphics-assignments-2024\A07\A07\A07.cpp(391,1): warning C4305: '=': truncation from 'double' to 'float'
C:\Users\fragr\source\repos\computer-graphics-assignments-2024\A07\A07\A07.cpp(392,1): warning C4305: '=': truncation from 'double' to 'float'
C:\Users\fragr\source\repos\computer-graphics-assignments-2024\A07\A07\A07.cpp(397,1): warning C4305: '=': truncation from 'double' to 'float'
C:\Users\fragr\source\repos\computer-graphics-assignments-2024\A07\A07\A07.cpp(398,1): warning C4305: '=': truncation from 'double' to 'float'
LINK : warning LNK4098: defaultlib 'MSVCRT' conflicts with use of other libs; use /NODEFAULTLIB:library
  A07.vcxproj -> C:\Users\fragr\source\repos\computer-graphics-assignments-2024\A07\x64\Debug\A07.exe
