  A03.cpp
C:\Users\fragr\source\repos\computer-graphics-assignments-2024\A03\A03\headers\tiny_gltf.h(3039,17): warning C4018: '>=': signed/unsigned mismatch
C:\Users\fragr\source\repos\computer-graphics-assignments-2024\A03\A03\headers\tiny_gltf.h(3134,17): warning C4018: '>=': signed/unsigned mismatch
C:\Users\fragr\source\repos\computer-graphics-assignments-2024\A03\A03\headers\tiny_gltf.h(5176,45): warning C4267: 'argument': conversion from 'size_t' to 'int', possible loss of data
C:\Users\fragr\source\repos\computer-graphics-assignments-2024\A03\A03\headers\tiny_gltf.h(5205,60): warning C4267: 'argument': conversion from 'size_t' to 'int', possible loss of data
C:\Users\fragr\source\repos\computer-graphics-assignments-2024\A03\A03\headers\tiny_gltf.h(5393,49): warning C4267: 'argument': conversion from 'size_t' to 'int', possible loss of data
C:\Users\fragr\source\repos\computer-graphics-assignments-2024\A03\A03\modules\Starter.hpp(349,31): warning C4099: 'VertexDescriptor': type name first seen using 'struct' now seen using 'class'
C:\Users\fragr\source\repos\computer-graphics-assignments-2024\A03\A03\modules\Starter.hpp(204,8): message : see declaration of 'VertexDescriptor'
C:\Users\fragr\source\repos\computer-graphics-assignments-2024\A03\A03\modules\Starter.hpp(351,22): warning C4099: 'Texture': type name first seen using 'struct' now seen using 'class'
C:\Users\fragr\source\repos\computer-graphics-assignments-2024\A03\A03\modules\Starter.hpp(250,8): message : see declaration of 'Texture'
C:\Users\fragr\source\repos\computer-graphics-assignments-2024\A03\A03\modules\Starter.hpp(352,23): warning C4099: 'Pipeline': type name first seen using 'struct' now seen using 'class'
C:\Users\fragr\source\repos\computer-graphics-assignments-2024\A03\A03\modules\Starter.hpp(292,8): message : see declaration of 'Pipeline'
C:\Users\fragr\source\repos\computer-graphics-assignments-2024\A03\A03\modules\Starter.hpp(353,34): warning C4099: 'DescriptorSetLayout': type name first seen using 'struct' now seen using 'class'
C:\Users\fragr\source\repos\computer-graphics-assignments-2024\A03\A03\modules\Starter.hpp(284,8): message : see declaration of 'DescriptorSetLayout'
C:\Users\fragr\source\repos\computer-graphics-assignments-2024\A03\A03\modules\Starter.hpp(354,28): warning C4099: 'DescriptorSet': type name first seen using 'struct' now seen using 'class'
C:\Users\fragr\source\repos\computer-graphics-assignments-2024\A03\A03\modules\Starter.hpp(330,8): message : see declaration of 'DescriptorSet'
C:\Users\fragr\source\repos\computer-graphics-assignments-2024\A03\A03\modules\Starter.hpp(1573,1): warning C4267: 'argument': conversion from 'size_t' to 'int', possible loss of data
C:\Users\fragr\source\repos\computer-graphics-assignments-2024\A03\A03\modules\Starter.hpp(1836,16): warning C4244: '=': conversion from 'double' to 'T', possible loss of data
          with
          [
              T=float
          ]
C:\Users\fragr\source\repos\computer-graphics-assignments-2024\A03\A03\modules\Starter.hpp(1837,16): warning C4244: '=': conversion from 'double' to 'T', possible loss of data
          with
          [
              T=float
          ]
C:\Users\fragr\source\repos\computer-graphics-assignments-2024\A03\A03\modules\Starter.hpp(3116,48): warning C4267: '=': conversion from 'size_t' to 'uint32_t', possible loss of data
C:\Users\fragr\source\repos\computer-graphics-assignments-2024\A03\A03\modules\TextMaker.hpp(9,483): warning C4305: 'initializing': truncation from 'double' to 'const float'
C:\Users\fragr\source\repos\computer-graphics-assignments-2024\A03\A03\modules\TextMaker.hpp(104,21): warning C4267: '+=': conversion from 'size_t' to 'int', possible loss of data
C:\Users\fragr\source\repos\computer-graphics-assignments-2024\A03\A03\modules\TextMaker.hpp(113,1): warning C4305: 'initializing': truncation from 'double' to 'float'
C:\Users\fragr\source\repos\computer-graphics-assignments-2024\A03\A03\modules\TextMaker.hpp(114,1): warning C4305: 'initializing': truncation from 'double' to 'float'
C:\Users\fragr\source\repos\computer-graphics-assignments-2024\A03\A03\modules\TextMaker.hpp(115,1): warning C4305: 'initializing': truncation from 'double' to 'float'
C:\Users\fragr\source\repos\computer-graphics-assignments-2024\A03\A03\modules\TextMaker.hpp(116,1): warning C4305: 'initializing': truncation from 'double' to 'float'
C:\Users\fragr\source\repos\computer-graphics-assignments-2024\A03\A03\modules\Scene.hpp(51,1): warning C4267: '=': conversion from 'size_t' to 'int', possible loss of data
C:\Users\fragr\source\repos\computer-graphics-assignments-2024\A03\A03\modules\Scene.hpp(65,1): warning C4267: '=': conversion from 'size_t' to 'int', possible loss of data
C:\Users\fragr\source\repos\computer-graphics-assignments-2024\A03\A03\modules\Scene.hpp(78,1): warning C4267: '=': conversion from 'size_t' to 'int', possible loss of data
C:\Users\fragr\source\repos\computer-graphics-assignments-2024\A03\A03\A03.cpp(255,22): warning C4244: '=': conversion from 'double' to 'float', possible loss of data
C:\Users\fragr\source\repos\computer-graphics-assignments-2024\A03\A03\A03.cpp(256,23): warning C4244: '=': conversion from 'double' to 'float', possible loss of data
C:\Users\fragr\source\repos\computer-graphics-assignments-2024\A03\A03\A03.cpp(260,27): warning C4244: '=': conversion from 'double' to 'float', possible loss of data
C:\Users\fragr\source\repos\computer-graphics-assignments-2024\A03\A03\cameras.hpp(46,48): warning C4305: 'initializing': truncation from 'double' to 'float'
C:\Users\fragr\source\repos\computer-graphics-assignments-2024\A03\A03\cameras.hpp(100,9): warning C4305: '=': truncation from 'double' to 'float'
C:\Users\fragr\source\repos\computer-graphics-assignments-2024\A03\A03\modules\Starter.hpp(2523,1): warning C4267: 'argument': conversion from 'size_t' to '_Ty', possible loss of data
          with
          [
              _Ty=unsigned int
          ]
C:\Users\fragr\source\repos\computer-graphics-assignments-2024\A03\A03\modules\Starter.hpp(2464,50): message : while compiling class template member function 'void Model<Vertex>::loadModelOBJ(std::string)'
C:\Users\fragr\source\repos\computer-graphics-assignments-2024\A03\A03\modules\Starter.hpp(2778,15): message : see reference to function template instantiation 'void Model<Vertex>::loadModelOBJ(std::string)' being compiled
C:\Users\fragr\source\repos\computer-graphics-assignments-2024\A03\A03\modules\Starter.hpp(2774,95): message : while compiling class template member function 'void Model<Vertex>::init(BaseProject *,VertexDescriptor *,std::string,ModelType)'
C:\Users\fragr\source\repos\computer-graphics-assignments-2024\A03\A03\modules\Scene.hpp(60,15): message : see reference to function template instantiation 'void Model<Vertex>::init(BaseProject *,VertexDescriptor *,std::string,ModelType)' being compiled
C:\Users\fragr\source\repos\computer-graphics-assignments-2024\A03\A03\modules\Scene.hpp(58,1): message : see reference to class template instantiation 'Model<Vertex>' being compiled
C:\Users\fragr\source\repos\computer-graphics-assignments-2024\A03\A03\modules\Starter.hpp(2551,1): warning C4267: 'argument': conversion from 'size_t' to 'const unsigned long', possible loss of data
C:\Users\fragr\source\repos\computer-graphics-assignments-2024\A03\A03\modules\Starter.hpp(2532,65): message : while compiling class template member function 'void Model<Vertex>::loadModelGLTF(std::string,bool)'
C:\Users\fragr\source\repos\computer-graphics-assignments-2024\A03\A03\modules\Starter.hpp(2780,16): message : see reference to function template instantiation 'void Model<Vertex>::loadModelGLTF(std::string,bool)' being compiled
C:\Users\fragr\source\repos\computer-graphics-assignments-2024\A03\A03\modules\Starter.hpp(2563,1): warning C4267: 'argument': conversion from 'size_t' to 'int', possible loss of data
C:\Users\fragr\source\repos\computer-graphics-assignments-2024\A03\A03\modules\Starter.hpp(2605,1): warning C4267: '=': conversion from 'size_t' to 'int', possible loss of data
C:\Users\fragr\source\repos\computer-graphics-assignments-2024\A03\A03\modules\Starter.hpp(2619,1): warning C4267: '=': conversion from 'size_t' to 'int', possible loss of data
C:\Users\fragr\source\repos\computer-graphics-assignments-2024\A03\A03\modules\Starter.hpp(2633,1): warning C4267: '=': conversion from 'size_t' to 'int', possible loss of data
C:\Users\fragr\source\repos\computer-graphics-assignments-2024\A03\A03\modules\Starter.hpp(2647,1): warning C4267: '=': conversion from 'size_t' to 'int', possible loss of data
LINK : warning LNK4098: defaultlib 'MSVCRT' conflicts with use of other libs; use /NODEFAULTLIB:library
  A03.vcxproj -> C:\Users\fragr\source\repos\computer-graphics-assignments-2024\A03\x64\Debug\A03.exe
